<?xml version="1.0" encoding="UTF-8"?>
<testng-results skipped="0" failed="0" total="0" passed="0">
  <reporter-output>
  </reporter-output>
  <suite name="Grid Testing" duration-ms="7" started-at="2017-06-13T03:47:37Z" finished-at="2017-06-13T03:47:37Z">
    <groups>
    </groups>
    <test name="chrome" duration-ms="7" started-at="2017-06-13T03:47:37Z" finished-at="2017-06-13T03:47:37Z">
    </test> <!-- chrome -->
    <test name="Firefox" duration-ms="7" started-at="2017-06-13T03:47:37Z" finished-at="2017-06-13T03:47:37Z">
    </test> <!-- Firefox -->
  </suite> <!-- Grid Testing -->
</testng-results>
